<?xml version="1.0" encoding="UTF-8"?>
<!-- Generated by org.testng.reporters.JUnitXMLReporter -->
<testsuite hostname="hp" ignored="0" name="Demo Test" tests="1" failures="1" timestamp="23 May 2021 13:50:30 GMT" time="22.41" errors="0">
  <testcase name="login" time="15.401" classname="test.test">
    <failure type="java.lang.AssertionError" message="expected [The email or password you have entered is invalid.] but found [The email or password you have entered is invalid]">
      <![CDATA[java.lang.AssertionError: expected [The email or password you have entered is invalid.] but found [The email or password you have entered is invalid]
at test.test.login(test.java:70)
... Removed 35 stack frames]]>
    </failure>
  </testcase> <!-- login -->
</testsuite> <!-- Demo Test -->
