<?xml version="1.0" encoding="UTF-8"?>
<testng-results skipped="0" failed="0" ignored="0" total="1" passed="1">
  <reporter-output>
  </reporter-output>
  <suite name="Suite" duration-ms="21481" started-at="2021-05-23T14:03:53Z" finished-at="2021-05-23T14:04:14Z">
    <groups>
    </groups>
    <test name="Demo Test" duration-ms="21481" started-at="2021-05-23T14:03:53Z" finished-at="2021-05-23T14:04:14Z">
      <class name="test.test">
        <test-method status="PASS" signature="setup()[pri:0, instance:test.test@46daef40]" name="setup" is-config="true" duration-ms="5945" started-at="2021-05-23T14:03:53Z" finished-at="2021-05-23T14:03:59Z">
          <reporter-output>
          </reporter-output>
        </test-method> <!-- setup -->
        <test-method status="PASS" signature="login(java.lang.String, java.lang.String)[pri:0, instance:test.test@46daef40]" name="login" duration-ms="14464" started-at="2021-05-23T14:03:59Z" finished-at="2021-05-23T14:04:13Z">
          <params>
            <param index="0">
              <value>
                <![CDATA[ajay]]>
              </value>
            </param>
            <param index="1">
              <value>
                <![CDATA[123]]>
              </value>
            </param>
          </params>
          <reporter-output>
          </reporter-output>
        </test-method> <!-- login -->
        <test-method status="PASS" signature="exit()[pri:0, instance:test.test@46daef40]" name="exit" is-config="true" duration-ms="994" started-at="2021-05-23T14:04:13Z" finished-at="2021-05-23T14:04:14Z">
          <reporter-output>
          </reporter-output>
        </test-method> <!-- exit -->
      </class> <!-- test.test -->
    </test> <!-- Demo Test -->
  </suite> <!-- Suite -->
</testng-results>
